<?xml version="1.0" encoding="UTF-8"?>
<!-- Generated by org.testng.reporters.JUnitReportReporter -->
<testsuite hostname="Salahs-MacBook-Pro.local" name="characterarcade.IFrame" tests="1" failures="0" timestamp="12 Jan 2015 11:50:22 GMT" time="121.353" errors="0">
  <testcase name="IFrame" time="121.353" classname="characterarcade.IFrame"/>
</testsuite> <!-- characterarcade.IFrame -->
