<?xml version="1.0" encoding="UTF-8"?>
<!-- Generated by org.testng.reporters.JUnitReportReporter -->
<testsuite hostname="Salahs-MacBook-Pro.local" name="characterarcade.IFrame" tests="1" failures="0" timestamp="21 Jan 2015 18:45:43 GMT" time="53.930" errors="0">
  <testcase name="IFrame" time="53.930" classname="characterarcade.IFrame"/>
</testsuite> <!-- characterarcade.IFrame -->
