<?xml version="1.0" encoding="UTF-8"?>
<!-- Generated by org.testng.reporters.JUnitReportReporter -->
<testsuite hostname="Salahs-MacBook-Pro.local" name="metLife.DragDrop" tests="1" failures="0" timestamp="12 Jan 2015 11:42:56 GMT" time="23.596" errors="0">
  <testcase name="dragDrop" time="23.596" classname="metLife.DragDrop"/>
</testsuite> <!-- metLife.DragDrop -->
