<?xml version="1.0" encoding="UTF-8"?>
<!-- Generated by org.testng.reporters.JUnitReportReporter -->
<testsuite hostname="Salahs-MacBook-Pro.local" name="metLife.YourInfo" tests="1" failures="0" timestamp="12 Jan 2015 11:42:56 GMT" time="40.384" errors="0">
  <testcase name="yourInfo" time="40.384" classname="metLife.YourInfo"/>
</testsuite> <!-- metLife.YourInfo -->
