<?xml version="1.0" encoding="UTF-8"?>
<!-- Generated by org.testng.reporters.JUnitReportReporter -->
<testsuite hostname="Salahs-MacBook-Pro.local" name="metLife.YourInfo" tests="1" failures="0" timestamp="21 Jan 2015 18:50:30 GMT" time="52.981" errors="0">
  <testcase name="yourInfo" time="52.981" classname="metLife.YourInfo"/>
</testsuite> <!-- metLife.YourInfo -->
