<?xml version="1.0" encoding="UTF-8"?>
<!-- Generated by org.testng.reporters.JUnitReportReporter -->
<testsuite hostname="Salahs-MacBook-Pro.local" name="amazon.DropDownList" tests="1" failures="0" timestamp="12 Jan 2015 11:54:04 GMT" time="220.728" errors="0">
  <testcase name="DropDownList" time="220.728" classname="amazon.DropDownList"/>
</testsuite> <!-- amazon.DropDownList -->
