<?xml version="1.0" encoding="UTF-8"?>
<!-- Generated by org.testng.reporters.JUnitReportReporter -->
<testsuite hostname="Salahs-MacBook-Pro.local" name="amazon.DropDownList" tests="1" failures="0" timestamp="21 Jan 2015 18:49:36 GMT" time="232.520" errors="0">
  <testcase name="DropDownList" time="232.520" classname="amazon.DropDownList"/>
</testsuite> <!-- amazon.DropDownList -->
