<?xml version="1.0" encoding="UTF-8"?>
<!-- Generated by org.testng.reporters.JUnitReportReporter -->
<testsuite hostname="Salahs-MacBook-Pro.local" name="Jquery.MultipleScreenShort" tests="1" failures="0" timestamp="21 Jan 2015 18:44:48 GMT" time="21.730" errors="0">
  <testcase name="screenShort" time="21.730" classname="Jquery.MultipleScreenShort"/>
</testsuite> <!-- Jquery.MultipleScreenShort -->
