<?xml version="1.0" encoding="UTF-8"?>
<!-- Generated by org.testng.reporters.JUnitReportReporter -->
<testsuite hostname="Salahs-MacBook-Pro.local" name="Jquery.MultipleScreenShort" tests="1" failures="0" timestamp="12 Jan 2015 11:48:20 GMT" time="14.623" errors="0">
  <testcase name="screenShort" time="14.623" classname="Jquery.MultipleScreenShort"/>
</testsuite> <!-- Jquery.MultipleScreenShort -->
