<?xml version="1.0" encoding="UTF-8"?>
<!-- Generated by org.testng.reporters.JUnitReportReporter -->
<testsuite hostname="Salahs-MacBook-Pro.local" name="Jquery.Handelwiondows" tests="1" failures="0" timestamp="21 Jan 2015 18:44:48 GMT" time="70.355" errors="0">
  <testcase name="test" time="70.355" classname="Jquery.Handelwiondows"/>
</testsuite> <!-- Jquery.Handelwiondows -->
