<?xml version="1.0" encoding="UTF-8"?>
<!-- Generated by org.testng.reporters.JUnitReportReporter -->
<testsuite hostname="Salahs-MacBook-Pro.local" name="Jquery.Handelwiondows" tests="1" failures="0" timestamp="12 Jan 2015 11:48:20 GMT" time="131.030" errors="0">
  <testcase name="test" time="131.030" classname="Jquery.Handelwiondows"/>
</testsuite> <!-- Jquery.Handelwiondows -->
