<?xml version="1.0" encoding="UTF-8"?>
<!-- Generated by org.testng.reporters.JUnitReportReporter -->
<testsuite hostname="Salahs-MacBook-Pro.local" name="erail.ScrollOption" tests="1" failures="0" timestamp="22 Jan 2015 03:11:13 GMT" time="21.822" errors="0">
  <testcase name="Scrolling" time="21.822" classname="erail.ScrollOption"/>
</testsuite> <!-- erail.ScrollOption -->
