<?xml version="1.0" encoding="UTF-8"?>
<!-- Generated by org.testng.reporters.JUnitReportReporter -->
<testsuite hostname="Salahs-MacBook-Pro.local" name="erail.ScrollOption" tests="1" failures="0" timestamp="12 Jan 2015 11:43:21 GMT" time="23.851" errors="0">
  <testcase name="Scrolling" time="23.851" classname="erail.ScrollOption"/>
</testsuite> <!-- erail.ScrollOption -->
