<?xml version="1.0" encoding="UTF-8"?>
<!-- Generated by org.testng.reporters.JUnitReportReporter -->
<testsuite hostname="Salahs-MacBook-Pro.local" name="healthFirst.HoverMouse" tests="1" failures="0" timestamp="12 Jan 2015 11:45:54 GMT" time="47.730" errors="0">
  <testcase name="test" time="47.730" classname="healthFirst.HoverMouse"/>
</testsuite> <!-- healthFirst.HoverMouse -->
