<?xml version="1.0" encoding="UTF-8"?>
<!-- Generated by org.testng.reporters.JUnitReportReporter -->
<testsuite hostname="Salahs-MacBook-Pro.local" name="healthFirst.HoverMouse" tests="1" failures="0" timestamp="21 Jan 2015 18:43:16 GMT" time="55.190" errors="0">
  <testcase name="test" time="55.190" classname="healthFirst.HoverMouse"/>
</testsuite> <!-- healthFirst.HoverMouse -->
