<?xml version="1.0" encoding="UTF-8"?>
<!-- Generated by org.testng.reporters.JUnitReportReporter -->
<testsuite hostname="Salahs-MacBook-Pro.local" name="healthFirst.LinkList" tests="1" failures="0" timestamp="21 Jan 2015 18:43:16 GMT" time="32.156" errors="0">
  <testcase name="findLink" time="32.156" classname="healthFirst.LinkList"/>
</testsuite> <!-- healthFirst.LinkList -->
